[16:23:55] [ServerMain/INFO]: Environment: authHost='https://authserver.mojang.com', accountsHost='https://api.mojang.com', sessionHost='https://sessionserver.mojang.com', servicesHost='https://api.minecraftservices.com', name='PROD'
[16:23:57] [ServerMain/INFO]: Reloading ResourceManager: Default, bukkit
[16:23:59] [Worker-Main-11/INFO]: Loaded 7 recipes
[16:24:07] [Server thread/INFO]: Starting minecraft server version 1.18
[16:24:07] [Server thread/INFO]: Loading properties
[16:24:08] [Server thread/INFO]: This server is running CraftBukkit version 3359-Spigot-dbf4938-4f5d59a (MC: 1.18) (Implementing API version 1.18-R0.1-SNAPSHOT)
[16:24:08] [Server thread/INFO]: Debug logging is disabled
[16:24:08] [Server thread/INFO]: Server Ping Player Sample Count: 12
[16:24:08] [Server thread/INFO]: Using 4 threads for Netty based IO
[16:24:08] [Server thread/INFO]: Default game type: SURVIVAL
[16:24:08] [Server thread/INFO]: Generating keypair
[16:24:09] [Server thread/INFO]: Starting Minecraft server on *:25567
[16:24:09] [Server thread/INFO]: Using default channel type
[16:24:12] [Server thread/INFO]: [SkinsRestorer] Loading SkinsRestorer v14.2.1
[16:24:12] [Server thread/INFO]: [BedWars1058] Loading BedWars1058 v22.3.4
[16:24:12] [Server thread/INFO]: [BedWars1058] Loading support for paper/spigot: v1_18_R1
[16:24:16] [Server thread/INFO]: [Multiverse-Core] Loading Multiverse-Core v4.3.1-b861
[16:24:16] [Server thread/INFO]: [BedWars1058] Enabling BedWars1058 v22.3.4
[16:24:17] [Server thread/ERROR]: [BedWars1058] Shop not set for RED team on: lighthouse
[16:24:17] [Server thread/ERROR]: [BedWars1058] Upgrade not set for RED team on: lighthouse
[16:24:17] [Server thread/ERROR]: [BedWars1058] Iron not set for RED team on: lighthouse
[16:24:17] [Server thread/ERROR]: [BedWars1058] Gold not set for RED team on: lighthouse
[16:24:17] [Server thread/ERROR]: [BedWars1058] Shop not set for BLUE team on: lighthouse
[16:24:17] [Server thread/ERROR]: [BedWars1058] Upgrade not set for BLUE team on: lighthouse
[16:24:17] [Server thread/ERROR]: [BedWars1058] Iron not set for BLUE team on: lighthouse
[16:24:17] [Server thread/ERROR]: [BedWars1058] Gold not set for BLUE team on: lighthouse
[16:24:17] [Server thread/ERROR]: [BedWars1058] Shop not set for GREEN team on: lighthouse
[16:24:17] [Server thread/ERROR]: [BedWars1058] Upgrade not set for GREEN team on: lighthouse
[16:24:17] [Server thread/ERROR]: [BedWars1058] Iron not set for GREEN team on: lighthouse
[16:24:17] [Server thread/ERROR]: [BedWars1058] Gold not set for GREEN team on: lighthouse
[16:24:17] [Server thread/ERROR]: [BedWars1058] Shop not set for YELLOW team on: lighthouse
[16:24:17] [Server thread/ERROR]: [BedWars1058] Upgrade not set for YELLOW team on: lighthouse
[16:24:17] [Server thread/ERROR]: [BedWars1058] Iron not set for YELLOW team on: lighthouse
[16:24:17] [Server thread/ERROR]: [BedWars1058] Gold not set for YELLOW team on: lighthouse
[16:24:17] [Server thread/ERROR]: [BedWars1058] Shop not set for AQUA team on: lighthouse
[16:24:17] [Server thread/ERROR]: [BedWars1058] Upgrade not set for AQUA team on: lighthouse
[16:24:17] [Server thread/ERROR]: [BedWars1058] Iron not set for AQUA team on: lighthouse
[16:24:17] [Server thread/ERROR]: [BedWars1058] Gold not set for AQUA team on: lighthouse
[16:24:17] [Server thread/ERROR]: [BedWars1058] Shop not set for WHITE team on: lighthouse
[16:24:17] [Server thread/ERROR]: [BedWars1058] Upgrade not set for WHITE team on: lighthouse
[16:24:17] [Server thread/ERROR]: [BedWars1058] Iron not set for WHITE team on: lighthouse
[16:24:17] [Server thread/ERROR]: [BedWars1058] Gold not set for WHITE team on: lighthouse
[16:24:17] [Server thread/ERROR]: [BedWars1058] Shop not set for PINK team on: lighthouse
[16:24:17] [Server thread/ERROR]: [BedWars1058] Upgrade not set for PINK team on: lighthouse
[16:24:17] [Server thread/ERROR]: [BedWars1058] Iron not set for PINK team on: lighthouse
[16:24:17] [Server thread/ERROR]: [BedWars1058] Gold not set for PINK team on: lighthouse
[16:24:17] [Server thread/ERROR]: [BedWars1058] Shop not set for GRAY team on: lighthouse
[16:24:17] [Server thread/ERROR]: [BedWars1058] Upgrade not set for GRAY team on: lighthouse
[16:24:17] [Server thread/ERROR]: [BedWars1058] Iron not set for GRAY team on: lighthouse
[16:24:17] [Server thread/ERROR]: [BedWars1058] Gold not set for GRAY team on: lighthouse
[16:24:17] [Server thread/ERROR]: [BedWars1058] There isn't set any Diamond generator on: lighthouse
[16:24:17] [Server thread/ERROR]: [BedWars1058] There isn't set any Emerald generator on: lighthouse
[16:24:17] [Server thread/INFO]: [BedWars1058] Arena waterfall-doubles was added to the enable queue.
[16:24:17] [Server thread/INFO]: [BedWars1058] Loading arena: waterfall-doubles
[16:24:17] [Server thread/INFO]: [BedWars1058] Arena waterfall was added to the enable queue.
[16:24:25] [Server thread/WARN]: **** SERVER IS RUNNING IN OFFLINE/INSECURE MODE!
[16:24:25] [Server thread/WARN]: The server will make no attempt to authenticate usernames. Beware.
[16:24:25] [Server thread/WARN]: Whilst this makes it possible to use BungeeCord, unless access to your server is properly restricted, it also opens up the ability for hackers to connect with any username they choose.
[16:24:25] [Server thread/WARN]: Please see http://www.spigotmc.org/wiki/firewall-guide/ for further information.
[16:24:25] [Server thread/WARN]: To change this, set "online-mode" to "true" in the server.properties file.
[16:24:25] [Server thread/INFO]: Preparing level "world"
[16:24:28] [Server thread/INFO]: -------- World Settings For [world] --------
[16:24:28] [Server thread/INFO]: Mob Spawn Range: 6
[16:24:28] [Server thread/INFO]: Experience Merge Radius: 3.0
[16:24:28] [Server thread/INFO]: Cactus Growth Modifier: 100%
[16:24:28] [Server thread/INFO]: Cane Growth Modifier: 100%
[16:24:28] [Server thread/INFO]: Melon Growth Modifier: 100%
[16:24:28] [Server thread/INFO]: Mushroom Growth Modifier: 100%
[16:24:28] [Server thread/INFO]: Pumpkin Growth Modifier: 100%
[16:24:28] [Server thread/INFO]: Sapling Growth Modifier: 100%
[16:24:28] [Server thread/INFO]: Beetroot Growth Modifier: 100%
[16:24:28] [Server thread/INFO]: Carrot Growth Modifier: 100%
[16:24:28] [Server thread/INFO]: Potato Growth Modifier: 100%
[16:24:28] [Server thread/INFO]: Wheat Growth Modifier: 100%
[16:24:28] [Server thread/INFO]: NetherWart Growth Modifier: 100%
[16:24:28] [Server thread/INFO]: Vine Growth Modifier: 100%
[16:24:28] [Server thread/INFO]: Cocoa Growth Modifier: 100%
[16:24:28] [Server thread/INFO]: Bamboo Growth Modifier: 100%
[16:24:28] [Server thread/INFO]: SweetBerry Growth Modifier: 100%
[16:24:28] [Server thread/INFO]: Kelp Growth Modifier: 100%
[16:24:28] [Server thread/INFO]: Hopper Transfer: 8 Hopper Check: 1 Hopper Amount: 1
[16:24:28] [Server thread/INFO]: Entity Activation Range: An 32 / Mo 32 / Ra 48 / Mi 16 / Tiv true
[16:24:28] [Server thread/INFO]: Entity Tracking Range: Pl 48 / An 48 / Mo 48 / Mi 32 / Other 64
[16:24:28] [Server thread/INFO]: Custom Map Seeds:  Village: 10387312 Desert: 14357617 Igloo: 14357618 Jungle: 14357619 Swamp: 14357620 Monument: 10387313 Ocean: 14357621 Shipwreck: 165745295 End City: 10387313 Slime: 987234911 Bastion: 30084232 Fortress: 30084232 Mansion: 10387319 Fossil: 14357921 Portal: 34222645
[16:24:28] [Server thread/INFO]: Max TNT Explosions: 100
[16:24:28] [Server thread/INFO]: Tile Max Tick Time: 50ms Entity max Tick Time: 50ms
[16:24:28] [Server thread/INFO]: View Distance: 10
[16:24:28] [Server thread/INFO]: Simulation Distance: 10
[16:24:28] [Server thread/INFO]: Item Merge Radius: 2.5
[16:24:28] [Server thread/INFO]: Item Despawn Rate: 6000
[16:24:28] [Server thread/INFO]: Arrow Despawn Rate: 1200 Trident Respawn Rate:1200
[16:24:28] [Server thread/INFO]: Allow Zombie Pigmen to spawn from portal blocks: true
[16:24:28] [Server thread/INFO]: Zombie Aggressive Towards Villager: true
[16:24:28] [Server thread/INFO]: Nerfing mobs spawned from spawners: false
[16:24:29] [Server thread/INFO]: -------- World Settings For [world_nether] --------
[16:24:29] [Server thread/INFO]: Mob Spawn Range: 6
[16:24:29] [Server thread/INFO]: Experience Merge Radius: 3.0
[16:24:29] [Server thread/INFO]: Cactus Growth Modifier: 100%
[16:24:29] [Server thread/INFO]: Cane Growth Modifier: 100%
[16:24:29] [Server thread/INFO]: Melon Growth Modifier: 100%
[16:24:29] [Server thread/INFO]: Mushroom Growth Modifier: 100%
[16:24:29] [Server thread/INFO]: Pumpkin Growth Modifier: 100%
[16:24:29] [Server thread/INFO]: Sapling Growth Modifier: 100%
[16:24:29] [Server thread/INFO]: Beetroot Growth Modifier: 100%
[16:24:29] [Server thread/INFO]: Carrot Growth Modifier: 100%
[16:24:29] [Server thread/INFO]: Potato Growth Modifier: 100%
[16:24:29] [Server thread/INFO]: Wheat Growth Modifier: 100%
[16:24:29] [Server thread/INFO]: NetherWart Growth Modifier: 100%
[16:24:29] [Server thread/INFO]: Vine Growth Modifier: 100%
[16:24:29] [Server thread/INFO]: Cocoa Growth Modifier: 100%
[16:24:29] [Server thread/INFO]: Bamboo Growth Modifier: 100%
[16:24:29] [Server thread/INFO]: SweetBerry Growth Modifier: 100%
[16:24:29] [Server thread/INFO]: Kelp Growth Modifier: 100%
[16:24:29] [Server thread/INFO]: Hopper Transfer: 8 Hopper Check: 1 Hopper Amount: 1
[16:24:29] [Server thread/INFO]: Entity Activation Range: An 32 / Mo 32 / Ra 48 / Mi 16 / Tiv true
[16:24:29] [Server thread/INFO]: Entity Tracking Range: Pl 48 / An 48 / Mo 48 / Mi 32 / Other 64
[16:24:29] [Server thread/INFO]: Custom Map Seeds:  Village: 10387312 Desert: 14357617 Igloo: 14357618 Jungle: 14357619 Swamp: 14357620 Monument: 10387313 Ocean: 14357621 Shipwreck: 165745295 End City: 10387313 Slime: 987234911 Bastion: 30084232 Fortress: 30084232 Mansion: 10387319 Fossil: 14357921 Portal: 34222645
[16:24:29] [Server thread/INFO]: Max TNT Explosions: 100
[16:24:29] [Server thread/INFO]: Tile Max Tick Time: 50ms Entity max Tick Time: 50ms
[16:24:29] [Server thread/INFO]: View Distance: 10
[16:24:29] [Server thread/INFO]: Simulation Distance: 10
[16:24:29] [Server thread/INFO]: Item Merge Radius: 2.5
[16:24:29] [Server thread/INFO]: Item Despawn Rate: 6000
[16:24:29] [Server thread/INFO]: Arrow Despawn Rate: 1200 Trident Respawn Rate:1200
[16:24:29] [Server thread/INFO]: Allow Zombie Pigmen to spawn from portal blocks: true
[16:24:29] [Server thread/INFO]: Zombie Aggressive Towards Villager: true
[16:24:29] [Server thread/INFO]: Nerfing mobs spawned from spawners: false
[16:24:29] [Server thread/INFO]: -------- World Settings For [world_the_end] --------
[16:24:29] [Server thread/INFO]: Mob Spawn Range: 6
[16:24:29] [Server thread/INFO]: Experience Merge Radius: 3.0
[16:24:29] [Server thread/INFO]: Cactus Growth Modifier: 100%
[16:24:29] [Server thread/INFO]: Cane Growth Modifier: 100%
[16:24:29] [Server thread/INFO]: Melon Growth Modifier: 100%
[16:24:29] [Server thread/INFO]: Mushroom Growth Modifier: 100%
[16:24:29] [Server thread/INFO]: Pumpkin Growth Modifier: 100%
[16:24:29] [Server thread/INFO]: Sapling Growth Modifier: 100%
[16:24:29] [Server thread/INFO]: Beetroot Growth Modifier: 100%
[16:24:29] [Server thread/INFO]: Carrot Growth Modifier: 100%
[16:24:29] [Server thread/INFO]: Potato Growth Modifier: 100%
[16:24:29] [Server thread/INFO]: Wheat Growth Modifier: 100%
[16:24:29] [Server thread/INFO]: NetherWart Growth Modifier: 100%
[16:24:29] [Server thread/INFO]: Vine Growth Modifier: 100%
[16:24:29] [Server thread/INFO]: Cocoa Growth Modifier: 100%
[16:24:29] [Server thread/INFO]: Bamboo Growth Modifier: 100%
[16:24:29] [Server thread/INFO]: SweetBerry Growth Modifier: 100%
[16:24:29] [Server thread/INFO]: Kelp Growth Modifier: 100%
[16:24:29] [Server thread/INFO]: Hopper Transfer: 8 Hopper Check: 1 Hopper Amount: 1
[16:24:29] [Server thread/INFO]: Entity Activation Range: An 32 / Mo 32 / Ra 48 / Mi 16 / Tiv true
[16:24:29] [Server thread/INFO]: Entity Tracking Range: Pl 48 / An 48 / Mo 48 / Mi 32 / Other 64
[16:24:29] [Server thread/INFO]: Custom Map Seeds:  Village: 10387312 Desert: 14357617 Igloo: 14357618 Jungle: 14357619 Swamp: 14357620 Monument: 10387313 Ocean: 14357621 Shipwreck: 165745295 End City: 10387313 Slime: 987234911 Bastion: 30084232 Fortress: 30084232 Mansion: 10387319 Fossil: 14357921 Portal: 34222645
[16:24:29] [Server thread/INFO]: Max TNT Explosions: 100
[16:24:29] [Server thread/INFO]: Tile Max Tick Time: 50ms Entity max Tick Time: 50ms
[16:24:29] [Server thread/INFO]: View Distance: 10
[16:24:29] [Server thread/INFO]: Simulation Distance: 10
[16:24:29] [Server thread/INFO]: Item Merge Radius: 2.5
[16:24:29] [Server thread/INFO]: Item Despawn Rate: 6000
[16:24:29] [Server thread/INFO]: Arrow Despawn Rate: 1200 Trident Respawn Rate:1200
[16:24:29] [Server thread/INFO]: Allow Zombie Pigmen to spawn from portal blocks: true
[16:24:29] [Server thread/INFO]: Zombie Aggressive Towards Villager: true
[16:24:29] [Server thread/INFO]: Nerfing mobs spawned from spawners: false
[16:24:29] [Server thread/INFO]: Preparing start region for dimension minecraft:overworld
[16:24:32] [Worker-Main-12/INFO]: Preparing spawn area: 0%
[16:24:32] [Worker-Main-9/INFO]: Preparing spawn area: 0%
[16:24:32] [Worker-Main-9/INFO]: Preparing spawn area: 0%
[16:24:32] [Worker-Main-9/INFO]: Preparing spawn area: 0%
[16:24:32] [Worker-Main-8/INFO]: Preparing spawn area: 0%
[16:24:32] [Worker-Main-11/INFO]: Preparing spawn area: 0%
[16:24:32] [Worker-Main-11/INFO]: Preparing spawn area: 0%
[16:24:33] [Worker-Main-9/INFO]: Preparing spawn area: 0%
[16:24:47] [Worker-Main-8/INFO]: Preparing spawn area: 0%
[16:24:47] [Worker-Main-11/INFO]: Preparing spawn area: 0%
[16:24:47] [Worker-Main-8/INFO]: Preparing spawn area: 0%
[16:24:47] [Worker-Main-11/INFO]: Preparing spawn area: 0%
[16:24:47] [Worker-Main-8/INFO]: Preparing spawn area: 0%
[16:24:47] [Worker-Main-11/INFO]: Preparing spawn area: 0%
[16:24:47] [Worker-Main-8/INFO]: Preparing spawn area: 0%
[16:24:47] [Worker-Main-11/INFO]: Preparing spawn area: 0%
[16:24:47] [Worker-Main-8/INFO]: Preparing spawn area: 0%
[16:24:47] [Worker-Main-11/INFO]: Preparing spawn area: 0%
[16:24:47] [Worker-Main-8/INFO]: Preparing spawn area: 0%
[16:24:47] [Worker-Main-11/INFO]: Preparing spawn area: 0%
[16:24:47] [Worker-Main-8/INFO]: Preparing spawn area: 0%
[16:24:47] [Worker-Main-11/INFO]: Preparing spawn area: 0%
[16:24:47] [Worker-Main-8/INFO]: Preparing spawn area: 0%
[16:24:47] [Worker-Main-11/INFO]: Preparing spawn area: 0%
[16:24:47] [Worker-Main-8/INFO]: Preparing spawn area: 0%
[16:24:47] [Worker-Main-11/INFO]: Preparing spawn area: 0%
[16:24:47] [Worker-Main-8/INFO]: Preparing spawn area: 0%
[16:24:47] [Worker-Main-11/INFO]: Preparing spawn area: 0%
[16:24:47] [Worker-Main-8/INFO]: Preparing spawn area: 0%
[16:24:47] [Worker-Main-11/INFO]: Preparing spawn area: 0%
[16:24:47] [Worker-Main-8/INFO]: Preparing spawn area: 0%
[16:24:47] [Worker-Main-11/INFO]: Preparing spawn area: 0%
[16:24:47] [Worker-Main-8/INFO]: Preparing spawn area: 0%
[16:24:47] [Worker-Main-11/INFO]: Preparing spawn area: 0%
[16:24:47] [Worker-Main-8/INFO]: Preparing spawn area: 0%
[16:24:47] [Worker-Main-11/INFO]: Preparing spawn area: 0%
[16:24:47] [Worker-Main-8/INFO]: Preparing spawn area: 0%
[16:24:48] [Worker-Main-11/INFO]: Preparing spawn area: 0%
[16:24:48] [Worker-Main-14/INFO]: Preparing spawn area: 0%
[16:24:49] [Worker-Main-14/INFO]: Preparing spawn area: 0%
[16:24:49] [Worker-Main-9/INFO]: Preparing spawn area: 0%
[16:24:50] [Worker-Main-9/INFO]: Preparing spawn area: 0%
[16:24:50] [Worker-Main-11/INFO]: Preparing spawn area: 1%
[16:24:51] [Worker-Main-8/INFO]: Preparing spawn area: 3%
[16:24:51] [Worker-Main-10/INFO]: Preparing spawn area: 7%
[16:24:52] [Worker-Main-8/INFO]: Preparing spawn area: 9%
[16:24:52] [Worker-Main-14/INFO]: Preparing spawn area: 10%
[16:24:53] [Worker-Main-13/INFO]: Preparing spawn area: 13%
[16:24:53] [Worker-Main-10/INFO]: Preparing spawn area: 15%
[16:24:54] [Worker-Main-13/INFO]: Preparing spawn area: 17%
[16:24:54] [Worker-Main-14/INFO]: Preparing spawn area: 22%
[16:24:55] [Worker-Main-13/INFO]: Preparing spawn area: 24%
[16:24:55] [Worker-Main-13/INFO]: Preparing spawn area: 31%
[16:24:56] [Worker-Main-12/INFO]: Preparing spawn area: 34%
[16:24:56] [Worker-Main-12/INFO]: Preparing spawn area: 38%
[16:24:57] [Worker-Main-10/INFO]: Preparing spawn area: 38%
[16:24:57] [Worker-Main-8/INFO]: Preparing spawn area: 38%
[16:24:58] [Worker-Main-8/INFO]: Preparing spawn area: 42%
[16:24:58] [Worker-Main-10/INFO]: Preparing spawn area: 44%
[16:24:59] [Worker-Main-9/INFO]: Preparing spawn area: 48%
[16:24:59] [Worker-Main-11/INFO]: Preparing spawn area: 54%
[16:25:00] [Worker-Main-11/INFO]: Preparing spawn area: 55%
[16:25:00] [Worker-Main-8/INFO]: Preparing spawn area: 56%
[16:25:01] [Worker-Main-10/INFO]: Preparing spawn area: 64%
[16:25:01] [Worker-Main-8/INFO]: Preparing spawn area: 67%
[16:25:02] [Worker-Main-13/INFO]: Preparing spawn area: 68%
[16:25:03] [Worker-Main-12/INFO]: Preparing spawn area: 68%
[16:25:03] [Worker-Main-12/INFO]: Preparing spawn area: 68%
[16:25:03] [Worker-Main-12/INFO]: Preparing spawn area: 68%
[16:25:04] [Worker-Main-13/INFO]: Preparing spawn area: 68%
[16:25:04] [Worker-Main-13/INFO]: Preparing spawn area: 68%
[16:25:05] [Worker-Main-10/INFO]: Preparing spawn area: 69%
[16:25:08] [Worker-Main-8/INFO]: Preparing spawn area: 69%
[16:25:08] [Worker-Main-12/INFO]: Preparing spawn area: 69%
[16:25:08] [Worker-Main-12/INFO]: Preparing spawn area: 69%
[16:25:08] [Worker-Main-11/INFO]: Preparing spawn area: 69%
[16:25:08] [Worker-Main-11/INFO]: Preparing spawn area: 69%
[16:25:08] [Worker-Main-11/INFO]: Preparing spawn area: 69%
[16:25:08] [Worker-Main-8/INFO]: Preparing spawn area: 69%
[16:25:09] [Worker-Main-13/INFO]: Preparing spawn area: 71%
[16:25:09] [Worker-Main-10/INFO]: Preparing spawn area: 71%
[16:25:10] [Worker-Main-13/INFO]: Preparing spawn area: 71%
[16:25:10] [Worker-Main-12/INFO]: Preparing spawn area: 71%
[16:25:11] [Worker-Main-12/INFO]: Preparing spawn area: 72%
[16:25:11] [Worker-Main-14/INFO]: Preparing spawn area: 72%
[16:25:12] [Worker-Main-14/INFO]: Preparing spawn area: 76%
[16:25:12] [Worker-Main-10/INFO]: Preparing spawn area: 77%
[16:25:13] [Worker-Main-14/INFO]: Preparing spawn area: 77%
[16:25:13] [Worker-Main-12/INFO]: Preparing spawn area: 79%
[16:25:14] [Worker-Main-9/INFO]: Preparing spawn area: 79%
[16:25:14] [Worker-Main-13/INFO]: Preparing spawn area: 81%
[16:25:15] [Worker-Main-14/INFO]: Preparing spawn area: 82%
[16:25:15] [Worker-Main-9/INFO]: Preparing spawn area: 83%
[16:25:16] [Worker-Main-9/INFO]: Preparing spawn area: 83%
[16:25:16] [Worker-Main-9/INFO]: Preparing spawn area: 83%
[16:25:17] [Worker-Main-8/INFO]: Preparing spawn area: 83%
[16:25:17] [Worker-Main-11/INFO]: Preparing spawn area: 83%
[16:25:18] [Worker-Main-12/INFO]: Preparing spawn area: 84%
[16:25:18] [Worker-Main-10/INFO]: Preparing spawn area: 84%
[16:25:19] [Worker-Main-9/INFO]: Preparing spawn area: 85%
[16:25:19] [Worker-Main-12/INFO]: Preparing spawn area: 85%
[16:25:20] [Worker-Main-10/INFO]: Preparing spawn area: 85%
[16:25:20] [Worker-Main-8/INFO]: Preparing spawn area: 85%
[16:25:21] [Worker-Main-11/INFO]: Preparing spawn area: 86%
[16:25:21] [Worker-Main-8/INFO]: Preparing spawn area: 87%
[16:25:22] [Worker-Main-9/INFO]: Preparing spawn area: 88%
[16:25:22] [Worker-Main-10/INFO]: Preparing spawn area: 92%
[16:25:23] [Worker-Main-10/INFO]: Preparing spawn area: 92%
[16:25:23] [Worker-Main-11/INFO]: Preparing spawn area: 93%
[16:25:24] [Worker-Main-12/INFO]: Preparing spawn area: 94%
[16:25:24] [Worker-Main-9/INFO]: Preparing spawn area: 94%
[16:25:25] [Worker-Main-14/INFO]: Preparing spawn area: 95%
[16:25:25] [Worker-Main-8/INFO]: Preparing spawn area: 96%
[16:25:26] [Worker-Main-14/INFO]: Preparing spawn area: 96%
[16:25:26] [Worker-Main-12/INFO]: Preparing spawn area: 97%
[16:25:27] [Worker-Main-10/INFO]: Preparing spawn area: 97%
[16:25:27] [Worker-Main-10/INFO]: Preparing spawn area: 99%
[16:25:27] [Server thread/INFO]: Time elapsed: 58114 ms
[16:25:27] [Server thread/INFO]: Preparing start region for dimension minecraft:the_nether
[16:25:29] [Worker-Main-8/INFO]: Preparing spawn area: 0%
[16:25:29] [Worker-Main-8/INFO]: Preparing spawn area: 0%
[16:25:29] [Worker-Main-8/INFO]: Preparing spawn area: 0%
[16:25:29] [Worker-Main-8/INFO]: Preparing spawn area: 0%
[16:25:29] [Worker-Main-8/INFO]: Preparing spawn area: 0%
[16:25:30] [Worker-Main-14/INFO]: Preparing spawn area: 0%
[16:25:30] [Worker-Main-8/INFO]: Preparing spawn area: 0%
[16:25:31] [Worker-Main-12/INFO]: Preparing spawn area: 0%
[16:25:31] [Worker-Main-14/INFO]: Preparing spawn area: 0%
[16:25:32] [Worker-Main-11/INFO]: Preparing spawn area: 0%
[16:25:32] [Worker-Main-11/INFO]: Preparing spawn area: 0%
[16:25:33] [Worker-Main-8/INFO]: Preparing spawn area: 0%
[16:25:33] [Worker-Main-11/INFO]: Preparing spawn area: 0%
[16:25:34] [Worker-Main-12/INFO]: Preparing spawn area: 0%
[16:25:34] [Worker-Main-10/INFO]: Preparing spawn area: 1%
[16:25:35] [Worker-Main-13/INFO]: Preparing spawn area: 3%
[16:25:35] [Worker-Main-11/INFO]: Preparing spawn area: 7%
[16:25:36] [Worker-Main-12/INFO]: Preparing spawn area: 7%
[16:25:37] [Worker-Main-14/INFO]: Preparing spawn area: 10%
[16:25:37] [Worker-Main-11/INFO]: Preparing spawn area: 10%
[16:25:37] [Worker-Main-8/INFO]: Preparing spawn area: 19%
[16:25:38] [Worker-Main-9/INFO]: Preparing spawn area: 23%
[16:25:38] [Worker-Main-10/INFO]: Preparing spawn area: 29%
[16:25:39] [Worker-Main-13/INFO]: Preparing spawn area: 31%
[16:25:39] [Worker-Main-14/INFO]: Preparing spawn area: 32%
[16:25:40] [Worker-Main-8/INFO]: Preparing spawn area: 37%
[16:25:40] [Worker-Main-14/INFO]: Preparing spawn area: 42%
[16:25:41] [Worker-Main-13/INFO]: Preparing spawn area: 43%
[16:25:41] [Worker-Main-10/INFO]: Preparing spawn area: 45%
[16:25:42] [Worker-Main-11/INFO]: Preparing spawn area: 48%
[16:25:43] [Worker-Main-8/INFO]: Preparing spawn area: 48%
[16:25:43] [Worker-Main-13/INFO]: Preparing spawn area: 48%
[16:25:43] [Worker-Main-14/INFO]: Preparing spawn area: 56%
[16:25:44] [Worker-Main-11/INFO]: Preparing spawn area: 66%
[16:25:45] [Worker-Main-13/INFO]: Preparing spawn area: 68%
[16:25:45] [Worker-Main-12/INFO]: Preparing spawn area: 68%
[16:25:45] [Worker-Main-9/INFO]: Preparing spawn area: 68%
[16:25:46] [Worker-Main-8/INFO]: Preparing spawn area: 68%
[16:25:46] [Worker-Main-13/INFO]: Preparing spawn area: 69%
[16:25:47] [Worker-Main-13/INFO]: Preparing spawn area: 69%
[16:25:47] [Worker-Main-13/INFO]: Preparing spawn area: 69%
[16:25:48] [Worker-Main-8/INFO]: Preparing spawn area: 69%
[16:25:48] [Worker-Main-12/INFO]: Preparing spawn area: 70%
[16:25:49] [Worker-Main-10/INFO]: Preparing spawn area: 70%
[16:25:49] [Worker-Main-10/INFO]: Preparing spawn area: 71%
[16:25:50] [Worker-Main-8/INFO]: Preparing spawn area: 72%
[16:25:50] [Worker-Main-13/INFO]: Preparing spawn area: 72%
[16:25:51] [Worker-Main-14/INFO]: Preparing spawn area: 73%
[16:25:51] [Worker-Main-12/INFO]: Preparing spawn area: 74%
[16:25:52] [Worker-Main-11/INFO]: Preparing spawn area: 74%
[16:25:52] [Worker-Main-11/INFO]: Preparing spawn area: 75%
[16:25:53] [Worker-Main-9/INFO]: Preparing spawn area: 75%
[16:25:53] [Worker-Main-11/INFO]: Preparing spawn area: 75%
[16:25:54] [Worker-Main-14/INFO]: Preparing spawn area: 76%
[16:25:54] [Worker-Main-13/INFO]: Preparing spawn area: 76%
[16:25:55] [Worker-Main-14/INFO]: Preparing spawn area: 76%
[16:25:55] [Worker-Main-9/INFO]: Preparing spawn area: 77%
[16:25:56] [Worker-Main-8/INFO]: Preparing spawn area: 78%
[16:25:56] [Worker-Main-12/INFO]: Preparing spawn area: 79%
[16:25:57] [Worker-Main-11/INFO]: Preparing spawn area: 79%
[16:25:57] [Worker-Main-11/INFO]: Preparing spawn area: 79%
[16:25:58] [Worker-Main-8/INFO]: Preparing spawn area: 80%
[16:25:58] [Worker-Main-10/INFO]: Preparing spawn area: 80%
[16:25:59] [Worker-Main-11/INFO]: Preparing spawn area: 81%
[16:25:59] [Worker-Main-10/INFO]: Preparing spawn area: 81%
[16:26:00] [Worker-Main-12/INFO]: Preparing spawn area: 82%
[16:26:00] [Worker-Main-8/INFO]: Preparing spawn area: 82%
[16:26:01] [Worker-Main-10/INFO]: Preparing spawn area: 83%
[16:26:01] [Worker-Main-10/INFO]: Preparing spawn area: 83%
[16:26:02] [Worker-Main-10/INFO]: Preparing spawn area: 83%
[16:26:02] [Worker-Main-9/INFO]: Preparing spawn area: 83%
[16:26:03] [Worker-Main-8/INFO]: Preparing spawn area: 83%
[16:26:03] [Worker-Main-10/INFO]: Preparing spawn area: 83%
[16:26:04] [Worker-Main-8/INFO]: Preparing spawn area: 84%
[16:26:04] [Worker-Main-9/INFO]: Preparing spawn area: 84%
[16:26:05] [Worker-Main-8/INFO]: Preparing spawn area: 84%
[16:26:05] [Worker-Main-10/INFO]: Preparing spawn area: 84%
[16:26:06] [Worker-Main-13/INFO]: Preparing spawn area: 85%
[16:26:06] [Worker-Main-9/INFO]: Preparing spawn area: 85%
[16:26:07] [Worker-Main-14/INFO]: Preparing spawn area: 85%
[16:26:07] [Worker-Main-14/INFO]: Preparing spawn area: 85%
[16:26:08] [Worker-Main-10/INFO]: Preparing spawn area: 85%
[16:26:08] [Worker-Main-13/INFO]: Preparing spawn area: 86%
[16:26:09] [Worker-Main-14/INFO]: Preparing spawn area: 86%
[16:26:09] [Worker-Main-14/INFO]: Preparing spawn area: 87%
[16:26:10] [Worker-Main-10/INFO]: Preparing spawn area: 87%
[16:26:10] [Worker-Main-8/INFO]: Preparing spawn area: 87%
[16:26:11] [Worker-Main-12/INFO]: Preparing spawn area: 87%
[16:26:11] [Worker-Main-9/INFO]: Preparing spawn area: 87%
[16:26:12] [Worker-Main-13/INFO]: Preparing spawn area: 89%
[16:26:12] [Worker-Main-12/INFO]: Preparing spawn area: 89%
[16:26:13] [Worker-Main-14/INFO]: Preparing spawn area: 90%
[16:26:13] [Worker-Main-14/INFO]: Preparing spawn area: 90%
[16:26:14] [Worker-Main-12/INFO]: Preparing spawn area: 90%
[16:26:14] [Worker-Main-12/INFO]: Preparing spawn area: 90%
[16:26:15] [Worker-Main-9/INFO]: Preparing spawn area: 91%
[16:26:15] [Worker-Main-13/INFO]: Preparing spawn area: 92%
[16:26:16] [Worker-Main-14/INFO]: Preparing spawn area: 92%
[16:26:16] [Worker-Main-10/INFO]: Preparing spawn area: 92%
[16:26:17] [Worker-Main-11/INFO]: Preparing spawn area: 93%
[16:26:17] [Worker-Main-11/INFO]: Preparing spawn area: 93%
[16:26:18] [Worker-Main-8/INFO]: Preparing spawn area: 94%
[16:26:18] [Worker-Main-12/INFO]: Preparing spawn area: 95%
[16:26:19] [Worker-Main-11/INFO]: Preparing spawn area: 95%
[16:26:19] [Worker-Main-8/INFO]: Preparing spawn area: 96%
[16:26:20] [Worker-Main-11/INFO]: Preparing spawn area: 97%
[16:26:20] [Worker-Main-14/INFO]: Preparing spawn area: 97%
[16:26:21] [Worker-Main-13/INFO]: Preparing spawn area: 97%
[16:26:21] [Worker-Main-9/INFO]: Preparing spawn area: 98%
[16:26:22] [Worker-Main-8/INFO]: Preparing spawn area: 98%
[16:26:22] [Worker-Main-9/INFO]: Preparing spawn area: 99%
[16:26:23] [Worker-Main-9/INFO]: Preparing spawn area: 99%
[16:26:23] [Server thread/INFO]: Time elapsed: 55773 ms
[16:26:23] [Server thread/INFO]: Preparing start region for dimension minecraft:the_end
[16:26:26] [Worker-Main-13/INFO]: Preparing spawn area: 0%
[16:26:26] [Worker-Main-13/INFO]: Preparing spawn area: 0%
[16:26:26] [Worker-Main-13/INFO]: Preparing spawn area: 0%
[16:26:26] [Worker-Main-13/INFO]: Preparing spawn area: 0%
[16:26:26] [Worker-Main-13/INFO]: Preparing spawn area: 0%
[16:26:26] [Worker-Main-8/INFO]: Preparing spawn area: 0%
[16:26:26] [Worker-Main-8/INFO]: Preparing spawn area: 0%
[16:26:27] [Worker-Main-8/INFO]: Preparing spawn area: 0%
[16:26:27] [Worker-Main-12/INFO]: Preparing spawn area: 0%
[16:26:27] [Worker-Main-8/INFO]: Preparing spawn area: 0%
[16:26:28] [Worker-Main-8/INFO]: Preparing spawn area: 0%
[16:26:28] [Worker-Main-11/INFO]: Preparing spawn area: 0%
[16:26:29] [Worker-Main-12/INFO]: Preparing spawn area: 0%
[16:26:29] [Worker-Main-14/INFO]: Preparing spawn area: 0%
[16:26:30] [Worker-Main-14/INFO]: Preparing spawn area: 0%
[16:26:30] [Worker-Main-8/INFO]: Preparing spawn area: 0%
[16:26:31] [Worker-Main-9/INFO]: Preparing spawn area: 1%
[16:26:32] [Worker-Main-14/INFO]: Preparing spawn area: 1%
[16:26:32] [Worker-Main-14/INFO]: Preparing spawn area: 1%
[16:26:33] [Worker-Main-13/INFO]: Preparing spawn area: 3%
[16:26:33] [Worker-Main-9/INFO]: Preparing spawn area: 4%
[16:26:33] [Worker-Main-11/INFO]: Preparing spawn area: 9%
[16:26:34] [Worker-Main-11/INFO]: Preparing spawn area: 10%
[16:26:34] [Worker-Main-9/INFO]: Preparing spawn area: 13%
[16:26:35] [Worker-Main-9/INFO]: Preparing spawn area: 21%
[16:26:35] [Worker-Main-8/INFO]: Preparing spawn area: 25%
[16:26:36] [Worker-Main-13/INFO]: Preparing spawn area: 34%
[16:26:36] [Worker-Main-13/INFO]: Preparing spawn area: 35%
[16:26:37] [Worker-Main-13/INFO]: Preparing spawn area: 38%
[16:26:38] [Worker-Main-13/INFO]: Preparing spawn area: 43%
[16:26:38] [Worker-Main-13/INFO]: Preparing spawn area: 43%
[16:26:38] [Worker-Main-9/INFO]: Preparing spawn area: 54%
[16:26:39] [Worker-Main-13/INFO]: Preparing spawn area: 58%
[16:26:39] [Worker-Main-9/INFO]: Preparing spawn area: 64%
[16:26:40] [Worker-Main-9/INFO]: Preparing spawn area: 69%
[16:26:40] [Worker-Main-11/INFO]: Preparing spawn area: 74%
[16:26:41] [Worker-Main-14/INFO]: Preparing spawn area: 82%
[16:26:41] [Worker-Main-10/INFO]: Preparing spawn area: 85%
[16:26:42] [Worker-Main-13/INFO]: Preparing spawn area: 93%
[16:26:42] [Worker-Main-14/INFO]: Preparing spawn area: 93%
[16:26:43] [Server thread/INFO]: Time elapsed: 19749 ms
[16:26:43] [Server thread/INFO]: [SkinsRestorer] Enabling SkinsRestorer v14.2.1
[16:26:43] [Server thread/INFO]: [33;1m[[32;22mSkinsRestorer[33;1m] [0;39m[32;1mDetected Minecraft [33;1mv1_18_R1[32;1m, using [33;1mMappingSpigotSkinRefresher[32;1m.[0;39m[m
[16:26:43] [Server thread/INFO]: [33;1m[[32;22mSkinsRestorer[33;1m] [0;39m-------------------------/Warning\-------------------------[0;39m[m
[16:26:43] [Server thread/INFO]: [33;1m[[32;22mSkinsRestorer[33;1m] [0;39mThis plugin is running in PROXY mode![0;39m[m
[16:26:43] [Server thread/INFO]: [33;1m[[32;22mSkinsRestorer[33;1m] [0;39mYou have to do all configuration at config file[0;39m[m
[16:26:43] [Server thread/INFO]: [33;1m[[32;22mSkinsRestorer[33;1m] [0;39minside your Bungeecord server.[0;39m[m
[16:26:43] [Server thread/INFO]: [33;1m[[32;22mSkinsRestorer[33;1m] [0;39m(Bungeecord-Server/plugins/SkinsRestorer/).[0;39m[m
[16:26:43] [Server thread/INFO]: [33;1m[[32;22mSkinsRestorer[33;1m] [0;39m-------------------------\Warning/-------------------------[0;39m[m
[16:26:43] [Server thread/INFO]: [Multiverse-Core] Enabling Multiverse-Core v4.3.1-b861
[16:26:43] [Server thread/WARN]: [Multiverse-Core] "Multiverse-Core v4.3.1-b861" has registered a listener for org.bukkit.event.entity.EntityCreatePortalEvent on method "public void com.onarandombox.MultiverseCore.listeners.MVPortalListener.entityPortalCreate(org.bukkit.event.entity.EntityCreatePortalEvent)", but the event is Deprecated. "Server performance will be affected"; please notify the authors [dumptruckman, Rigby, fernferret, lithium3141, main--].
[16:26:43] [Server thread/INFO]: [Multiverse-Core] §aWe are aware of the warning about the deprecated event. There is no alternative that allows us to do what we need to do and performance impact is negligible. It is safe to ignore.
[16:26:44] [Server thread/INFO]: -------- World Settings For [lighthouse] --------
[16:26:44] [Server thread/INFO]: Mob Spawn Range: 6
[16:26:44] [Server thread/INFO]: Experience Merge Radius: 3.0
[16:26:44] [Server thread/INFO]: Cactus Growth Modifier: 100%
[16:26:44] [Server thread/INFO]: Cane Growth Modifier: 100%
[16:26:44] [Server thread/INFO]: Melon Growth Modifier: 100%
[16:26:44] [Server thread/INFO]: Mushroom Growth Modifier: 100%
[16:26:44] [Server thread/INFO]: Pumpkin Growth Modifier: 100%
[16:26:44] [Server thread/INFO]: Sapling Growth Modifier: 100%
[16:26:44] [Server thread/INFO]: Beetroot Growth Modifier: 100%
[16:26:44] [Server thread/INFO]: Carrot Growth Modifier: 100%
[16:26:44] [Server thread/INFO]: Potato Growth Modifier: 100%
[16:26:44] [Server thread/INFO]: Wheat Growth Modifier: 100%
[16:26:44] [Server thread/INFO]: NetherWart Growth Modifier: 100%
[16:26:44] [Server thread/INFO]: Vine Growth Modifier: 100%
[16:26:44] [Server thread/INFO]: Cocoa Growth Modifier: 100%
[16:26:44] [Server thread/INFO]: Bamboo Growth Modifier: 100%
[16:26:44] [Server thread/INFO]: SweetBerry Growth Modifier: 100%
[16:26:44] [Server thread/INFO]: Kelp Growth Modifier: 100%
[16:26:44] [Server thread/INFO]: Hopper Transfer: 8 Hopper Check: 1 Hopper Amount: 1
[16:26:44] [Server thread/INFO]: Entity Activation Range: An 32 / Mo 32 / Ra 48 / Mi 16 / Tiv true
[16:26:44] [Server thread/INFO]: Entity Tracking Range: Pl 48 / An 48 / Mo 48 / Mi 32 / Other 64
[16:26:44] [Server thread/INFO]: Custom Map Seeds:  Village: 10387312 Desert: 14357617 Igloo: 14357618 Jungle: 14357619 Swamp: 14357620 Monument: 10387313 Ocean: 14357621 Shipwreck: 165745295 End City: 10387313 Slime: 987234911 Bastion: 30084232 Fortress: 30084232 Mansion: 10387319 Fossil: 14357921 Portal: 34222645
[16:26:44] [Server thread/INFO]: Max TNT Explosions: 100
[16:26:44] [Server thread/INFO]: Tile Max Tick Time: 50ms Entity max Tick Time: 50ms
[16:26:44] [Server thread/INFO]: View Distance: 10
[16:26:44] [Server thread/INFO]: Simulation Distance: 10
[16:26:44] [Server thread/INFO]: Item Merge Radius: 2.5
[16:26:44] [Server thread/INFO]: Item Despawn Rate: 6000
[16:26:44] [Server thread/INFO]: Arrow Despawn Rate: 1200 Trident Respawn Rate:1200
[16:26:44] [Server thread/INFO]: Allow Zombie Pigmen to spawn from portal blocks: true
[16:26:44] [Server thread/INFO]: Zombie Aggressive Towards Villager: true
[16:26:44] [Server thread/INFO]: Nerfing mobs spawned from spawners: false
[16:26:44] [Server thread/INFO]: Preparing start region for dimension minecraft:lighthouse
[16:26:46] [Worker-Main-13/INFO]: Preparing spawn area: 0%
[16:26:46] [Worker-Main-13/INFO]: Preparing spawn area: 0%
[16:26:46] [Worker-Main-13/INFO]: Preparing spawn area: 0%
[16:26:46] [Worker-Main-13/INFO]: Preparing spawn area: 0%
[16:26:46] [Worker-Main-14/INFO]: Preparing spawn area: 0%
[16:26:46] [Worker-Main-12/INFO]: Preparing spawn area: 0%
[16:26:47] [Worker-Main-10/INFO]: Preparing spawn area: 0%
[16:26:47] [Worker-Main-13/INFO]: Preparing spawn area: 0%
[16:26:48] [Worker-Main-13/INFO]: Preparing spawn area: 0%
[16:26:48] [Worker-Main-11/INFO]: Preparing spawn area: 0%
[16:26:49] [Worker-Main-8/INFO]: Preparing spawn area: 0%
[16:26:49] [Worker-Main-12/INFO]: Preparing spawn area: 2%
[16:26:50] [Worker-Main-12/INFO]: Preparing spawn area: 10%
[16:26:50] [Worker-Main-12/INFO]: Preparing spawn area: 16%
[16:26:51] [Worker-Main-8/INFO]: Preparing spawn area: 17%
[16:26:51] [Worker-Main-8/INFO]: Preparing spawn area: 27%
[16:26:52] [Worker-Main-8/INFO]: Preparing spawn area: 32%
[16:26:52] [Worker-Main-9/INFO]: Preparing spawn area: 33%
[16:26:53] [Worker-Main-14/INFO]: Preparing spawn area: 48%
[16:26:53] [Worker-Main-11/INFO]: Preparing spawn area: 48%
[16:26:54] [Worker-Main-12/INFO]: Preparing spawn area: 63%
[16:26:54] [Worker-Main-14/INFO]: Preparing spawn area: 68%
[16:26:55] [Worker-Main-8/INFO]: Preparing spawn area: 80%
[16:26:55] [Worker-Main-9/INFO]: Preparing spawn area: 84%
[16:26:56] [Worker-Main-12/INFO]: Preparing spawn area: 89%
[16:26:56] [Worker-Main-12/INFO]: Preparing spawn area: 91%
[16:26:56] [Server thread/INFO]: Time elapsed: 12832 ms
[16:26:57] [Server thread/INFO]: -------- World Settings For [waterfall] --------
[16:26:57] [Server thread/INFO]: Mob Spawn Range: 6
[16:26:57] [Server thread/INFO]: Experience Merge Radius: 3.0
[16:26:57] [Server thread/INFO]: Cactus Growth Modifier: 100%
[16:26:57] [Server thread/INFO]: Cane Growth Modifier: 100%
[16:26:57] [Server thread/INFO]: Melon Growth Modifier: 100%
[16:26:57] [Server thread/INFO]: Mushroom Growth Modifier: 100%
[16:26:57] [Server thread/INFO]: Pumpkin Growth Modifier: 100%
[16:26:57] [Server thread/INFO]: Sapling Growth Modifier: 100%
[16:26:57] [Server thread/INFO]: Beetroot Growth Modifier: 100%
[16:26:57] [Server thread/INFO]: Carrot Growth Modifier: 100%
[16:26:57] [Server thread/INFO]: Potato Growth Modifier: 100%
[16:26:57] [Server thread/INFO]: Wheat Growth Modifier: 100%
[16:26:57] [Server thread/INFO]: NetherWart Growth Modifier: 100%
[16:26:57] [Server thread/INFO]: Vine Growth Modifier: 100%
[16:26:57] [Server thread/INFO]: Cocoa Growth Modifier: 100%
[16:26:57] [Server thread/INFO]: Bamboo Growth Modifier: 100%
[16:26:57] [Server thread/INFO]: SweetBerry Growth Modifier: 100%
[16:26:57] [Server thread/INFO]: Kelp Growth Modifier: 100%
[16:26:57] [Server thread/INFO]: Hopper Transfer: 8 Hopper Check: 1 Hopper Amount: 1
[16:26:57] [Server thread/INFO]: Entity Activation Range: An 32 / Mo 32 / Ra 48 / Mi 16 / Tiv true
[16:26:57] [Server thread/INFO]: Entity Tracking Range: Pl 48 / An 48 / Mo 48 / Mi 32 / Other 64
[16:26:57] [Server thread/INFO]: Custom Map Seeds:  Village: 10387312 Desert: 14357617 Igloo: 14357618 Jungle: 14357619 Swamp: 14357620 Monument: 10387313 Ocean: 14357621 Shipwreck: 165745295 End City: 10387313 Slime: 987234911 Bastion: 30084232 Fortress: 30084232 Mansion: 10387319 Fossil: 14357921 Portal: 34222645
[16:26:57] [Server thread/INFO]: Max TNT Explosions: 100
[16:26:57] [Server thread/INFO]: Tile Max Tick Time: 50ms Entity max Tick Time: 50ms
[16:26:57] [Server thread/INFO]: View Distance: 10
[16:26:57] [Server thread/INFO]: Simulation Distance: 10
[16:26:57] [Server thread/INFO]: Item Merge Radius: 2.5
[16:26:57] [Server thread/INFO]: Item Despawn Rate: 6000
[16:26:57] [Server thread/INFO]: Arrow Despawn Rate: 1200 Trident Respawn Rate:1200
[16:26:57] [Server thread/INFO]: Allow Zombie Pigmen to spawn from portal blocks: true
[16:26:57] [Server thread/INFO]: Zombie Aggressive Towards Villager: true
[16:26:57] [Server thread/INFO]: Nerfing mobs spawned from spawners: false
[16:26:58] [Server thread/INFO]: Preparing start region for dimension minecraft:waterfall
[16:26:58] [Server thread/INFO]: Preparing spawn area: 0%
[16:26:58] [Worker-Main-12/INFO]: Preparing spawn area: 0%
[16:26:59] [Worker-Main-14/INFO]: Preparing spawn area: 94%
[16:27:00] [Server thread/INFO]: Time elapsed: 2539 ms
[16:27:00] [Server thread/INFO]: [BedWars1058] Loading arena: waterfall-doubles
[16:27:00] [Server thread/INFO]: [BedWars1058] Load done: waterfall
[16:27:00] [Server thread/INFO]: -------- World Settings For [bedwarslobby] --------
[16:27:00] [Server thread/INFO]: Mob Spawn Range: 6
[16:27:00] [Server thread/INFO]: Experience Merge Radius: 3.0
[16:27:00] [Server thread/INFO]: Cactus Growth Modifier: 100%
[16:27:00] [Server thread/INFO]: Cane Growth Modifier: 100%
[16:27:00] [Server thread/INFO]: Melon Growth Modifier: 100%
[16:27:00] [Server thread/INFO]: Mushroom Growth Modifier: 100%
[16:27:00] [Server thread/INFO]: Pumpkin Growth Modifier: 100%
[16:27:00] [Server thread/INFO]: Sapling Growth Modifier: 100%
[16:27:00] [Server thread/INFO]: Beetroot Growth Modifier: 100%
[16:27:00] [Server thread/INFO]: Carrot Growth Modifier: 100%
[16:27:00] [Server thread/INFO]: Potato Growth Modifier: 100%
[16:27:00] [Server thread/INFO]: Wheat Growth Modifier: 100%
[16:27:00] [Server thread/INFO]: NetherWart Growth Modifier: 100%
[16:27:00] [Server thread/INFO]: Vine Growth Modifier: 100%
[16:27:00] [Server thread/INFO]: Cocoa Growth Modifier: 100%
[16:27:00] [Server thread/INFO]: Bamboo Growth Modifier: 100%
[16:27:00] [Server thread/INFO]: SweetBerry Growth Modifier: 100%
[16:27:00] [Server thread/INFO]: Kelp Growth Modifier: 100%
[16:27:00] [Server thread/INFO]: Hopper Transfer: 8 Hopper Check: 1 Hopper Amount: 1
[16:27:00] [Server thread/INFO]: Entity Activation Range: An 32 / Mo 32 / Ra 48 / Mi 16 / Tiv true
[16:27:00] [Server thread/INFO]: Entity Tracking Range: Pl 48 / An 48 / Mo 48 / Mi 32 / Other 64
[16:27:00] [Server thread/INFO]: Custom Map Seeds:  Village: 10387312 Desert: 14357617 Igloo: 14357618 Jungle: 14357619 Swamp: 14357620 Monument: 10387313 Ocean: 14357621 Shipwreck: 165745295 End City: 10387313 Slime: 987234911 Bastion: 30084232 Fortress: 30084232 Mansion: 10387319 Fossil: 14357921 Portal: 34222645
[16:27:00] [Server thread/INFO]: Max TNT Explosions: 100
[16:27:00] [Server thread/INFO]: Tile Max Tick Time: 50ms Entity max Tick Time: 50ms
[16:27:00] [Server thread/INFO]: View Distance: 10
[16:27:00] [Server thread/INFO]: Simulation Distance: 10
[16:27:00] [Server thread/INFO]: Item Merge Radius: 2.5
[16:27:00] [Server thread/INFO]: Item Despawn Rate: 6000
[16:27:00] [Server thread/INFO]: Arrow Despawn Rate: 1200 Trident Respawn Rate:1200
[16:27:00] [Server thread/INFO]: Allow Zombie Pigmen to spawn from portal blocks: true
[16:27:00] [Server thread/INFO]: Zombie Aggressive Towards Villager: true
[16:27:00] [Server thread/INFO]: Nerfing mobs spawned from spawners: false
[16:27:02] [Server thread/INFO]: Preparing start region for dimension minecraft:bedwarslobby
[16:27:05] [Worker-Main-9/INFO]: Preparing spawn area: 0%
[16:27:05] [Worker-Main-12/INFO]: Preparing spawn area: 0%
[16:27:05] [Worker-Main-9/INFO]: Preparing spawn area: 0%
[16:27:05] [Worker-Main-8/INFO]: Preparing spawn area: 0%
[16:27:05] [Worker-Main-12/INFO]: Preparing spawn area: 0%
[16:27:05] [Worker-Main-12/INFO]: Preparing spawn area: 0%
[16:27:05] [Worker-Main-12/INFO]: Preparing spawn area: 0%
[16:27:06] [Worker-Main-13/INFO]: Preparing spawn area: 0%
[16:27:06] [Worker-Main-10/INFO]: Preparing spawn area: 0%
[16:27:07] [Worker-Main-8/INFO]: Preparing spawn area: 0%
[16:27:09] [Worker-Main-11/INFO]: Preparing spawn area: 0%
[16:27:10] [Worker-Main-12/INFO]: Preparing spawn area: 0%
[16:27:10] [Worker-Main-10/INFO]: Preparing spawn area: 0%
[16:27:10] [Worker-Main-12/INFO]: Preparing spawn area: 0%
[16:27:11] [Worker-Main-11/INFO]: Preparing spawn area: 0%
[16:27:11] [Worker-Main-11/INFO]: Preparing spawn area: 0%
[16:27:11] [Worker-Main-10/INFO]: Preparing spawn area: 0%
[16:27:11] [Worker-Main-10/INFO]: Preparing spawn area: 0%
[16:27:11] [Worker-Main-13/INFO]: Preparing spawn area: 0%
[16:27:12] [Worker-Main-10/INFO]: Preparing spawn area: 0%
[16:27:13] [Worker-Main-12/INFO]: Preparing spawn area: 0%
[16:27:13] [Worker-Main-12/INFO]: Preparing spawn area: 0%
[16:27:14] [Worker-Main-11/INFO]: Preparing spawn area: 0%
[16:27:14] [Worker-Main-11/INFO]: Preparing spawn area: 0%
[16:27:14] [Worker-Main-9/INFO]: Preparing spawn area: 0%
[16:27:15] [Worker-Main-13/INFO]: Preparing spawn area: 0%
[16:27:16] [Worker-Main-11/INFO]: Preparing spawn area: 0%
[16:27:16] [Worker-Main-13/INFO]: Preparing spawn area: 0%
[16:27:16] [Worker-Main-9/INFO]: Preparing spawn area: 0%
[16:27:17] [Worker-Main-13/INFO]: Preparing spawn area: 1%
[16:27:17] [Worker-Main-10/INFO]: Preparing spawn area: 1%
[16:27:18] [Worker-Main-9/INFO]: Preparing spawn area: 1%
[16:27:18] [Worker-Main-11/INFO]: Preparing spawn area: 1%
[16:27:19] [Worker-Main-13/INFO]: Preparing spawn area: 1%
[16:27:19] [Worker-Main-9/INFO]: Preparing spawn area: 2%
[16:27:20] [Worker-Main-14/INFO]: Preparing spawn area: 4%
[16:27:20] [Worker-Main-10/INFO]: Preparing spawn area: 4%
[16:27:21] [Worker-Main-10/INFO]: Preparing spawn area: 5%
[16:27:21] [Worker-Main-14/INFO]: Preparing spawn area: 5%
[16:27:22] [Worker-Main-13/INFO]: Preparing spawn area: 5%
[16:27:22] [Worker-Main-8/INFO]: Preparing spawn area: 5%
[16:27:23] [Worker-Main-12/INFO]: Preparing spawn area: 5%
[16:27:23] [Worker-Main-10/INFO]: Preparing spawn area: 5%
[16:27:24] [Worker-Main-12/INFO]: Preparing spawn area: 5%
[16:27:24] [Worker-Main-11/INFO]: Preparing spawn area: 5%
[16:27:25] [Worker-Main-12/INFO]: Preparing spawn area: 5%
[16:27:25] [Worker-Main-10/INFO]: Preparing spawn area: 5%
[16:27:26] [Worker-Main-13/INFO]: Preparing spawn area: 5%
[16:27:27] [Worker-Main-9/INFO]: Preparing spawn area: 5%
[16:27:27] [Worker-Main-14/INFO]: Preparing spawn area: 5%
[16:27:27] [Worker-Main-10/INFO]: Preparing spawn area: 5%
[16:27:28] [Worker-Main-9/INFO]: Preparing spawn area: 5%
[16:27:28] [Worker-Main-8/INFO]: Preparing spawn area: 5%
[16:27:29] [Worker-Main-8/INFO]: Preparing spawn area: 5%
[16:27:29] [Worker-Main-8/INFO]: Preparing spawn area: 5%
[16:27:30] [Worker-Main-14/INFO]: Preparing spawn area: 7%
[16:27:30] [Worker-Main-12/INFO]: Preparing spawn area: 7%
[16:27:31] [Worker-Main-10/INFO]: Preparing spawn area: 7%
[16:27:31] [Worker-Main-14/INFO]: Preparing spawn area: 8%
[16:27:32] [Worker-Main-11/INFO]: Preparing spawn area: 8%
[16:27:32] [Worker-Main-13/INFO]: Preparing spawn area: 10%
[16:27:33] [Worker-Main-11/INFO]: Preparing spawn area: 10%
[16:27:33] [Worker-Main-12/INFO]: Preparing spawn area: 12%
[16:27:34] [Worker-Main-13/INFO]: Preparing spawn area: 13%
[16:27:34] [Worker-Main-12/INFO]: Preparing spawn area: 14%
[16:27:35] [Worker-Main-13/INFO]: Preparing spawn area: 14%
[16:27:35] [Worker-Main-14/INFO]: Preparing spawn area: 19%
[16:27:36] [Worker-Main-10/INFO]: Preparing spawn area: 22%
[16:27:36] [Worker-Main-13/INFO]: Preparing spawn area: 26%
[16:27:37] [Worker-Main-10/INFO]: Preparing spawn area: 26%
[16:27:37] [Worker-Main-12/INFO]: Preparing spawn area: 26%
[16:27:38] [Worker-Main-13/INFO]: Preparing spawn area: 27%
[16:27:38] [Worker-Main-10/INFO]: Preparing spawn area: 28%
[16:27:39] [Worker-Main-14/INFO]: Preparing spawn area: 29%
[16:27:39] [Worker-Main-13/INFO]: Preparing spawn area: 34%
[16:27:40] [Worker-Main-12/INFO]: Preparing spawn area: 34%
[16:27:40] [Worker-Main-9/INFO]: Preparing spawn area: 37%
[16:27:41] [Worker-Main-8/INFO]: Preparing spawn area: 38%
[16:27:41] [Worker-Main-13/INFO]: Preparing spawn area: 38%
[16:27:42] [Worker-Main-10/INFO]: Preparing spawn area: 40%
[16:27:42] [Worker-Main-9/INFO]: Preparing spawn area: 43%
[16:27:43] [Worker-Main-12/INFO]: Preparing spawn area: 44%
[16:27:44] [Worker-Main-8/INFO]: Preparing spawn area: 46%
[16:27:44] [Worker-Main-14/INFO]: Preparing spawn area: 48%
[16:27:44] [Worker-Main-8/INFO]: Preparing spawn area: 53%
[16:27:45] [Worker-Main-10/INFO]: Preparing spawn area: 55%
[16:27:45] [Worker-Main-14/INFO]: Preparing spawn area: 59%
[16:27:46] [Worker-Main-12/INFO]: Preparing spawn area: 62%
[16:27:46] [Worker-Main-11/INFO]: Preparing spawn area: 69%
[16:27:47] [Worker-Main-13/INFO]: Preparing spawn area: 79%
[16:27:47] [Worker-Main-13/INFO]: Preparing spawn area: 86%
[16:27:48] [Worker-Main-14/INFO]: Preparing spawn area: 90%
[16:27:48] [Worker-Main-13/INFO]: Preparing spawn area: 93%
[16:27:49] [Worker-Main-14/INFO]: Preparing spawn area: 93%
[16:27:49] [Worker-Main-12/INFO]: Preparing spawn area: 94%
[16:27:50] [Server thread/INFO]: Time elapsed: 47714 ms
[16:27:50] [Server thread/INFO]: [Multiverse-Core] 6 - World(s) loaded.
[16:27:50] [Server thread/WARN]: [Multiverse-Core] Buscript failed to load! The script command will be disabled! If you would like not to see this message, use `/mv conf enablebuscript false` to disable Buscript from loading.
[16:27:50] [Server thread/INFO]: [Multiverse-Core] Version 4.3.1-b861 (API v24) Enabled - By dumptruckman, Rigby, fernferret, lithium3141 and main--
[16:27:50] [Server thread/INFO]: Server permissions file permissions.yml is empty, ignoring it
[16:27:50] [Server thread/INFO]: Done (204.615s)! For help, type "help"
[16:27:50] [Craft Scheduler Thread - 19/INFO]: [33;1m[[32;22mSkinsRestorer[33;1m] [0;39m[32;1m----------------------------------------------[0;39m[m
[16:27:50] [Craft Scheduler Thread - 19/INFO]: [33;1m[[32;22mSkinsRestorer[33;1m] [0;39m[32;1m    +==================+[0;39m[m
[16:27:50] [Craft Scheduler Thread - 19/INFO]: [33;1m[[32;22mSkinsRestorer[33;1m] [0;39m[32;1m    |   SkinsRestorer  |[0;39m[m
[16:27:50] [Craft Scheduler Thread - 19/INFO]: [33;1m[[32;22mSkinsRestorer[33;1m] [0;39m[32;1m    |------------------|[0;39m[m
[16:27:50] [Craft Scheduler Thread - 19/INFO]: [33;1m[[32;22mSkinsRestorer[33;1m] [0;39m[32;1m    |   [33;1mProxy Mode[32;1m    |[0;39m[m
[16:27:50] [Craft Scheduler Thread - 19/INFO]: [33;1m[[32;22mSkinsRestorer[33;1m] [0;39m[32;1m    +==================+[0;39m[m
[16:27:50] [Craft Scheduler Thread - 19/INFO]: [33;1m[[32;22mSkinsRestorer[33;1m] [0;39m[32;1m----------------------------------------------[0;39m[m
[16:27:50] [Craft Scheduler Thread - 19/INFO]: [33;1m[[32;22mSkinsRestorer[33;1m] [0;39m[36;1m    Current version: [32;1m14.2.1[0;39m[m
[16:27:50] [Craft Scheduler Thread - 19/INFO]: [33;1m[[32;22mSkinsRestorer[33;1m] [0;39m[32;1m    This is the latest version![0;39m[m
[16:27:50] [Craft Scheduler Thread - 19/INFO]: [33;1m[[32;22mSkinsRestorer[33;1m] [0;39m[32;1m----------------------------------------------[0;39m[m
[16:27:50] [Craft Scheduler Thread - 3/WARN]: [BedWars1058] Could not delete: .\waterfall-doubles\level.dat_old
[16:27:50] [Craft Scheduler Thread - 3/WARN]: [BedWars1058] This may cause issues!
[16:27:50] [Craft Scheduler Thread - 3/WARN]: [BedWars1058] Could not delete: .\waterfall-doubles\session.lock
[16:27:50] [Craft Scheduler Thread - 3/WARN]: [BedWars1058] This may cause issues!
[16:27:50] [Craft Scheduler Thread - 3/WARN]: [BedWars1058] Could not delete: .\waterfall-doubles\uid.dat
[16:27:50] [Craft Scheduler Thread - 3/WARN]: [BedWars1058] This may cause issues!
[16:27:50] [Server thread/INFO]: -------- World Settings For [waterfall-doubles] --------
[16:27:50] [Server thread/INFO]: Mob Spawn Range: 6
[16:27:50] [Server thread/INFO]: Experience Merge Radius: 3.0
[16:27:50] [Server thread/INFO]: Cactus Growth Modifier: 100%
[16:27:50] [Server thread/INFO]: Cane Growth Modifier: 100%
[16:27:50] [Server thread/INFO]: Melon Growth Modifier: 100%
[16:27:50] [Server thread/INFO]: Mushroom Growth Modifier: 100%
[16:27:50] [Server thread/INFO]: Pumpkin Growth Modifier: 100%
[16:27:50] [Server thread/INFO]: Sapling Growth Modifier: 100%
[16:27:50] [Server thread/INFO]: Beetroot Growth Modifier: 100%
[16:27:50] [Server thread/INFO]: Carrot Growth Modifier: 100%
[16:27:50] [Server thread/INFO]: Potato Growth Modifier: 100%
[16:27:50] [Server thread/INFO]: Wheat Growth Modifier: 100%
[16:27:50] [Server thread/INFO]: NetherWart Growth Modifier: 100%
[16:27:50] [Server thread/INFO]: Vine Growth Modifier: 100%
[16:27:50] [Server thread/INFO]: Cocoa Growth Modifier: 100%
[16:27:50] [Server thread/INFO]: Bamboo Growth Modifier: 100%
[16:27:50] [Server thread/INFO]: SweetBerry Growth Modifier: 100%
[16:27:50] [Server thread/INFO]: Kelp Growth Modifier: 100%
[16:27:50] [Server thread/INFO]: Hopper Transfer: 8 Hopper Check: 1 Hopper Amount: 1
[16:27:50] [Server thread/INFO]: Entity Activation Range: An 32 / Mo 32 / Ra 48 / Mi 16 / Tiv true
[16:27:50] [Server thread/INFO]: Entity Tracking Range: Pl 48 / An 48 / Mo 48 / Mi 32 / Other 64
[16:27:50] [Server thread/INFO]: Custom Map Seeds:  Village: 10387312 Desert: 14357617 Igloo: 14357618 Jungle: 14357619 Swamp: 14357620 Monument: 10387313 Ocean: 14357621 Shipwreck: 165745295 End City: 10387313 Slime: 987234911 Bastion: 30084232 Fortress: 30084232 Mansion: 10387319 Fossil: 14357921 Portal: 34222645
[16:27:50] [Server thread/INFO]: Max TNT Explosions: 100
[16:27:50] [Server thread/INFO]: Tile Max Tick Time: 50ms Entity max Tick Time: 50ms
[16:27:50] [Server thread/INFO]: View Distance: 10
[16:27:50] [Server thread/INFO]: Simulation Distance: 10
[16:27:50] [Server thread/INFO]: Item Merge Radius: 2.5
[16:27:50] [Server thread/INFO]: Item Despawn Rate: 6000
[16:27:50] [Server thread/INFO]: Arrow Despawn Rate: 1200 Trident Respawn Rate:1200
[16:27:50] [Server thread/INFO]: Allow Zombie Pigmen to spawn from portal blocks: true
[16:27:50] [Server thread/INFO]: Zombie Aggressive Towards Villager: true
[16:27:50] [Server thread/INFO]: Nerfing mobs spawned from spawners: false
[16:27:50] [Server thread/INFO]: Preparing start region for dimension minecraft:waterfall-doubles
[16:27:52] [Worker-Main-9/INFO]: Preparing spawn area: 0%
[16:27:52] [Worker-Main-14/INFO]: Preparing spawn area: 0%
[16:27:52] [Worker-Main-13/INFO]: Preparing spawn area: 0%
[16:27:52] [Worker-Main-14/INFO]: Preparing spawn area: 0%
[16:27:53] [Worker-Main-12/INFO]: Preparing spawn area: 0%
[16:27:53] [Worker-Main-8/INFO]: Preparing spawn area: 0%
[16:27:54] [Worker-Main-14/INFO]: Preparing spawn area: 0%
[16:27:54] [Worker-Main-11/INFO]: Preparing spawn area: 0%
[16:27:55] [Worker-Main-11/INFO]: Preparing spawn area: 0%
[16:27:55] [Worker-Main-9/INFO]: Preparing spawn area: 0%
[16:27:56] [Worker-Main-11/INFO]: Preparing spawn area: 0%
[16:27:56] [Worker-Main-8/INFO]: Preparing spawn area: 3%
[16:27:56] [Worker-Main-14/INFO]: Preparing spawn area: 5%
[16:27:57] [Worker-Main-14/INFO]: Preparing spawn area: 10%
[16:27:58] [Worker-Main-8/INFO]: Preparing spawn area: 13%
[16:27:58] [Worker-Main-9/INFO]: Preparing spawn area: 19%
[16:27:59] [Worker-Main-13/INFO]: Preparing spawn area: 23%
[16:27:59] [Worker-Main-8/INFO]: Preparing spawn area: 34%
[16:28:00] [Worker-Main-10/INFO]: Preparing spawn area: 36%
[16:28:00] [Worker-Main-11/INFO]: Preparing spawn area: 53%
[16:28:01] [Worker-Main-10/INFO]: Preparing spawn area: 55%
[16:28:01] [Worker-Main-13/INFO]: Preparing spawn area: 70%
[16:28:02] [Worker-Main-12/INFO]: Preparing spawn area: 74%
[16:28:02] [Worker-Main-9/INFO]: Preparing spawn area: 88%
[16:28:02] [Server thread/INFO]: Time elapsed: 11711 ms
[16:28:02] [Server thread/INFO]: [BedWars1058] Load done: waterfall-doubles
[16:28:02] [Server thread/WARN]: Can't keep up! Is the server overloaded? Running 11762ms or 235 ticks behind
[16:28:03] [Server thread/INFO]: [BedWars1058] Loading internal Party system. /party
[16:28:07] [Server thread/INFO]: [BedWars1058] This server is running in MULTIARENA with auto-scale false
[16:29:56] [Server thread/INFO]: Stopping the server
[16:29:56] [Server thread/INFO]: Stopping server
[16:29:56] [Server thread/INFO]: [Multiverse-Core] Disabling Multiverse-Core v4.3.1-b861
[16:29:56] [Server thread/INFO]: [BedWars1058] Disabling BedWars1058 v22.3.4
[16:29:56] [Server thread/WARN]: [BedWars1058] Disabling arena: waterfall
[16:29:56] [Server thread/INFO]: [SkinsRestorer] Disabling SkinsRestorer v14.2.1
[16:29:56] [Server thread/INFO]: Saving players
[16:29:57] [Server thread/INFO]: Saving worlds
[16:29:57] [Server thread/INFO]: Saving chunks for level 'ServerLevel[world]'/minecraft:overworld
[16:29:57] [Server thread/INFO]: Saving chunks for level 'ServerLevel[world_nether]'/minecraft:the_nether
[16:29:57] [Server thread/INFO]: Saving chunks for level 'ServerLevel[world_the_end]'/minecraft:the_end
[16:29:57] [Server thread/INFO]: Saving chunks for level 'ServerLevel[lighthouse]'/minecraft:lighthouse
[16:29:57] [Server thread/INFO]: Saving chunks for level 'ServerLevel[bedwarslobby]'/minecraft:bedwarslobby
[16:29:57] [Server thread/INFO]: Saving chunks for level 'ServerLevel[waterfall-doubles]'/minecraft:waterfall-doubles
[16:29:57] [Server thread/INFO]: ThreadedAnvilChunkStorage (world): All chunks are saved
[16:29:57] [Server thread/INFO]: ThreadedAnvilChunkStorage (DIM-1): All chunks are saved
[16:29:57] [Server thread/INFO]: ThreadedAnvilChunkStorage (DIM1): All chunks are saved
[16:29:57] [Server thread/INFO]: ThreadedAnvilChunkStorage (lighthouse): All chunks are saved
[16:29:57] [Server thread/INFO]: ThreadedAnvilChunkStorage (bedwarslobby): All chunks are saved
[16:29:57] [Server thread/INFO]: ThreadedAnvilChunkStorage (waterfall-doubles): All chunks are saved
[16:29:57] [Server thread/INFO]: ThreadedAnvilChunkStorage: All dimensions are saved
